<?xml version="1.0" encoding="UTF-8"?>
<!-- Generated by org.testng.reporters.JUnitReportReporter -->
<testsuite hostname="DESKTOP-3PMDTNC" failures="0" tests="1" name="com.parabank.tests.RegistrationPageTest" time="44.190" errors="0" timestamp="2024-10-25T23:24:16 IST" skipped="0">
  <testcase classname="com.parabank.tests.RegistrationPageTest" name="registerTheCustomer" time="44.190"/>
  <system-out/>
</testsuite> <!-- com.parabank.tests.RegistrationPageTest -->
