<?xml version="1.0" encoding="UTF-8"?>
<!-- Generated by org.testng.reporters.JUnitReportReporter -->
<testsuite hostname="DESKTOP-3PMDTNC" failures="0" tests="2" name="com.parabank.tests.HomePage" time="10.010" errors="0" timestamp="2024-10-23T16:07:52 IST" skipped="0">
  <testcase classname="com.parabank.tests.HomePage" name="VerifyTheLinks" time="9.996"/>
  <system-out/>
  <testcase classname="com.parabank.tests.HomePage" name="verifyWhetherURLisCorrect" time="0.014"/>
  <system-out/>
</testsuite> <!-- com.parabank.tests.HomePage -->
