<?xml version="1.0" encoding="UTF-8"?>
<!-- Generated by org.testng.reporters.JUnitReportReporter -->
<testsuite hostname="DESKTOP-3PMDTNC" failures="0" tests="1" name="TestCases.LoginTest" time="4.235" errors="0" timestamp="2024-10-07T10:03:18 IST" skipped="0">
  <testcase classname="TestCases.LoginTest" name="testLoginWithInvalidCredentials" time="4.235"/>
  <system-out/>
</testsuite> <!-- TestCases.LoginTest -->
